2026-07-13 15:44:21 [main] INFO  Log - Starting Webdriver ...
2026-07-13 15:44:23 [main] INFO  Log - Navigating to URL
2026-07-13 15:44:24 [main] INFO  Log - Staring Login Test
2026-07-13 15:44:24 [main] INFO  Log - Adding Credentials
2026-07-13 15:44:24 [main] INFO  Log - Closing the Browser
2026-07-13 15:44:46 [main] INFO  Log - Starting Webdriver ...
2026-07-13 15:44:47 [main] INFO  Log - Navigating to URL
2026-07-13 15:44:48 [main] INFO  Log - Staring Login Test
2026-07-13 15:44:48 [main] INFO  Log - Adding Credentials
2026-07-13 15:44:48 [main] INFO  Log - Closing the Browser
2026-07-13 20:45:40 [main] INFO  Log - Starting Webdriver ...
2026-07-13 20:45:42 [main] INFO  Log - Navigating to URL
2026-07-13 20:45:44 [main] INFO  Log - Staring Login Test
2026-07-13 20:45:44 [main] INFO  Log - Adding Credentials
2026-07-13 20:45:44 [main] INFO  Log - Closing the Browser
2026-07-13 20:50:48 [main] INFO  Log - Starting Webdriver ...
2026-07-13 20:50:50 [main] INFO  Log - Navigating to URL
2026-07-13 20:50:51 [main] INFO  Log - Staring Login Test
2026-07-13 20:50:51 [main] INFO  Log - Adding Credentials
2026-07-13 20:50:51 [main] INFO  Log - Closing the Browser
2026-07-14 00:30:13 [main] INFO  Log - Starting Webdriver ...
2026-07-14 00:30:16 [main] INFO  Log - Navigating to URL
2026-07-14 00:30:19 [main] INFO  Log - Staring Login Test
2026-07-14 00:30:19 [main] INFO  Log - Adding Credentials
2026-07-14 00:30:19 [main] INFO  Log - Closing the Browser
2026-07-14 00:36:17 [main] INFO  Log - Starting Webdriver ...
2026-07-14 00:36:19 [main] INFO  Log - Navigating to URL
2026-07-14 00:36:21 [main] INFO  Log - Staring Login Test
2026-07-14 00:36:21 [main] INFO  Log - Adding Credentials
2026-07-14 00:36:21 [main] INFO  Log - Closing the Browser
2026-07-14 00:43:05 [main] INFO  Log - Starting Webdriver ...
2026-07-14 00:43:07 [main] INFO  Log - Navigating to URL
2026-07-14 00:43:09 [main] INFO  Log - Staring Login Test
2026-07-14 00:43:09 [main] INFO  Log - Adding Credentials
2026-07-14 00:43:09 [main] INFO  Log - Closing the Browser
2026-07-14 00:43:23 [main] INFO  Log - Starting Webdriver ...
2026-07-14 00:43:25 [main] INFO  Log - Navigating to URL
2026-07-14 00:43:27 [main] INFO  Log - Staring Login Test
2026-07-14 00:43:27 [main] INFO  Log - Adding Credentials
2026-07-14 00:43:27 [main] INFO  Log - Closing the Browser
2026-07-14 00:43:27 [main] INFO  Log - Starting Webdriver ...
2026-07-14 00:43:28 [main] INFO  Log - Navigating to URL
2026-07-14 00:43:30 [main] INFO  Log - Staring Login Test
2026-07-14 00:43:30 [main] INFO  Log - Adding Credentials
2026-07-14 00:43:31 [main] INFO  Log - Closing the Browser
2026-07-14 00:44:24 [main] INFO  Log - Starting Webdriver ...
2026-07-14 00:44:25 [main] INFO  Log - Navigating to URL
2026-07-14 00:44:28 [main] INFO  Log - Staring Login Test
2026-07-14 00:44:28 [main] INFO  Log - Adding Credentials
2026-07-14 00:44:28 [main] INFO  Log - Closing the Browser
2026-07-14 00:44:28 [main] INFO  Log - Starting Webdriver ...
2026-07-14 00:44:29 [main] INFO  Log - Navigating to URL
2026-07-14 00:44:31 [main] INFO  Log - Staring Login Test
2026-07-14 00:44:31 [main] INFO  Log - Adding Credentials
2026-07-14 00:44:31 [main] INFO  Log - Closing the Browser
2026-07-14 13:26:18 [main] INFO  Log - Starting Webdriver ...
2026-07-14 13:26:20 [main] INFO  Log - Navigating to URL
2026-07-14 13:26:21 [main] INFO  Log - Staring Login Test
2026-07-14 13:26:21 [main] INFO  Log - Adding Credentials
2026-07-14 13:26:22 [main] INFO  Log - Closing the Browser
2026-07-14 13:26:28 [main] INFO  Log - Starting Webdriver ...
2026-07-14 13:26:29 [main] INFO  Log - Navigating to URL
2026-07-14 13:26:30 [main] INFO  Log - Staring Login Test
2026-07-14 13:26:30 [main] INFO  Log - Adding Credentials
2026-07-14 13:26:30 [main] INFO  Log - Closing the Browser
2026-07-14 13:26:30 [main] INFO  Log - Starting Webdriver ...
2026-07-14 13:26:31 [main] INFO  Log - Navigating to URL
2026-07-14 13:26:32 [main] INFO  Log - Staring Login Test
2026-07-14 13:26:32 [main] INFO  Log - Adding Credentials
2026-07-14 13:26:32 [main] INFO  Log - Closing the Browser
